Using pre-set license
Built from '2022.3/staging' branch; Version is '2022.3.10f1 (ff3792e53c62) revision 16725906'; Using compiler version '192829333'; Build Type 'Release'
OS: 'Windows 10  (10.0.19045) 64bit Enterprise' Language: 'en' Physical Memory: 65244 MB
BatchMode: 1, IsHumanControllingUs: 0, StartBugReporterOnCrash: 0, Is64bit: 1, IsPro: 1

COMMAND LINE ARGUMENTS:
C:\Program Files\Unity\Hub\Editor\2022.3.10f1\Editor\Unity.exe
-adb2
-batchMode
-noUpm
-name
AssetImportWorker3
-projectPath
C:/Users/Administrator/Documents/GitHub/TimeSwapper/Assets
-logFile
Logs/AssetImportWorker3.log
-srvPort
57995
Successfully changed project path to: C:/Users/Administrator/Documents/GitHub/TimeSwapper/Assets
C:/Users/Administrator/Documents/GitHub/TimeSwapper/Assets
[UnityMemory] Configuration Parameters - Can be set up in boot.config
    "memorysetup-bucket-allocator-granularity=16"
    "memorysetup-bucket-allocator-bucket-count=8"
    "memorysetup-bucket-allocator-block-size=33554432"
    "memorysetup-bucket-allocator-block-count=8"
    "memorysetup-main-allocator-block-size=16777216"
    "memorysetup-thread-allocator-block-size=16777216"
    "memorysetup-gfx-main-allocator-block-size=16777216"
    "memorysetup-gfx-thread-allocator-block-size=16777216"
    "memorysetup-cache-allocator-block-size=4194304"
    "memorysetup-typetree-allocator-block-size=2097152"
    "memorysetup-profiler-bucket-allocator-granularity=16"
    "memorysetup-profiler-bucket-allocator-bucket-count=8"
    "memorysetup-profiler-bucket-allocator-block-size=33554432"
    "memorysetup-profiler-bucket-allocator-block-count=8"
    "memorysetup-profiler-allocator-block-size=16777216"
    "memorysetup-profiler-editor-allocator-block-size=1048576"
    "memorysetup-temp-allocator-size-main=16777216"
    "memorysetup-job-temp-allocator-block-size=2097152"
    "memorysetup-job-temp-allocator-block-size-background=1048576"
    "memorysetup-job-temp-allocator-reduction-small-platforms=262144"
    "memorysetup-allocator-temp-initial-block-size-main=262144"
    "memorysetup-allocator-temp-initial-block-size-worker=262144"
    "memorysetup-temp-allocator-size-background-worker=32768"
    "memorysetup-temp-allocator-size-job-worker=262144"
    "memorysetup-temp-allocator-size-preload-manager=33554432"
    "memorysetup-temp-allocator-size-nav-mesh-worker=65536"
    "memorysetup-temp-allocator-size-audio-worker=65536"
    "memorysetup-temp-allocator-size-cloud-worker=32768"
    "memorysetup-temp-allocator-size-gi-baking-worker=262144"
    "memorysetup-temp-allocator-size-gfx=262144"
Player connection [5964] Host "[IP] 10.128.4.185 [Port] 0 [Flags] 2 [Guid] 914011895 [EditorId] 914011895 [Version] 1048832 [Id] WindowsEditor(7,GD7LLW553) [Debug] 1 [PackageName] WindowsEditor [ProjectName] Editor" joined multi-casting on [225.0.0.222:54997]...

Player connection [5964] Host "[IP] 10.128.4.185 [Port] 0 [Flags] 2 [Guid] 914011895 [EditorId] 914011895 [Version] 1048832 [Id] WindowsEditor(7,GD7LLW553) [Debug] 1 [PackageName] WindowsEditor [ProjectName] Editor" joined alternative multi-casting on [225.0.0.222:34997]...

[Physics::Module] Initialized MultithreadedJobDispatcher with 23 workers.
Refreshing native plugins compatible for Editor in 0.00 ms, found 0 plugins.
Preloading 0 native plugins for Editor in 0.00 ms.
Initialize engine version: 2022.3.10f1 (ff3792e53c62)
[Subsystems] Discovering subsystems at path C:/Program Files/Unity/Hub/Editor/2022.3.10f1/Editor/Data/Resources/UnitySubsystems
[Subsystems] Discovering subsystems at path C:/Users/Administrator/Documents/GitHub/TimeSwapper/Assets/Assets
GfxDevice: creating device client; threaded=0; jobified=0
Direct3D:
    Version:  Direct3D 11.0 [level 11.1]
    Renderer: NVIDIA GeForce RTX 2080 SUPER (ID=0x1e81)
    Vendor:   NVIDIA
    VRAM:     8001 MB
    Driver:   31.0.15.3619
Initialize mono
Mono path[0] = 'C:/Program Files/Unity/Hub/Editor/2022.3.10f1/Editor/Data/Managed'
Mono path[1] = 'C:/Program Files/Unity/Hub/Editor/2022.3.10f1/Editor/Data/MonoBleedingEdge/lib/mono/unityjit-win32'
Mono config path = 'C:/Program Files/Unity/Hub/Editor/2022.3.10f1/Editor/Data/MonoBleedingEdge/etc'
Using monoOptions --debugger-agent=transport=dt_socket,embedding=1,server=y,suspend=n,address=127.0.0.1:56508
Begin MonoManager ReloadAssembly
Registering precompiled unity dll's ...
Register platform support module: C:/Program Files/Unity/Hub/Editor/2022.3.10f1/Editor/Data/PlaybackEngines/WindowsStandaloneSupport/UnityEditor.WindowsStandalone.Extensions.dll
Registered in 0.008322 seconds.
- Loaded All Assemblies, in  0.370 seconds
Native extension for WindowsStandalone target not found
Mono: successfully reloaded assembly
- Finished resetting the current domain, in  0.253 seconds
Domain Reload Profiling: 621ms
	BeginReloadAssembly (112ms)
		ExecutionOrderSort (0ms)
		DisableScriptedObjects (0ms)
		BackupInstance (0ms)
		ReleaseScriptingObjects (0ms)
		CreateAndSetChildDomain (1ms)
	RebuildCommonClasses (35ms)
	RebuildNativeTypeToScriptingClass (11ms)
	initialDomainReloadingComplete (64ms)
	LoadAllAssembliesAndSetupDomain (147ms)
		LoadAssemblies (107ms)
		RebuildTransferFunctionScriptingTraits (0ms)
		AnalyzeDomain (146ms)
			TypeCache.Refresh (144ms)
				TypeCache.ScanAssembly (129ms)
			ScanForSourceGeneratedMonoScriptInfo (0ms)
			ResolveRequiredComponents (0ms)
	FinalizeReload (253ms)
		ReleaseScriptCaches (0ms)
		RebuildScriptCaches (0ms)
		SetupLoadedEditorAssemblies (192ms)
			LogAssemblyErrors (0ms)
			InitializePlatformSupportModulesInManaged (9ms)
			SetLoadedEditorAssemblies (7ms)
			RefreshPlugins (0ms)
			BeforeProcessingInitializeOnLoad (2ms)
			ProcessInitializeOnLoadAttributes (128ms)
			ProcessInitializeOnLoadMethodAttributes (46ms)
			AfterProcessingInitializeOnLoad (0ms)
			EditorAssembliesLoaded (0ms)
		ExecutionOrderSort2 (0ms)
		AwakeInstancesAfterBackupRestoration (0ms)
========================================================================
Worker process is ready to serve import requests
Begin MonoManager ReloadAssembly
- Loaded All Assemblies, in  0.225 seconds
Refreshing native plugins compatible for Editor in 0.00 ms, found 0 plugins.
Native extension for WindowsStandalone target not found
Mono: successfully reloaded assembly
- Finished resetting the current domain, in  0.309 seconds
Domain Reload Profiling: 533ms
	BeginReloadAssembly (152ms)
		ExecutionOrderSort (0ms)
		DisableScriptedObjects (6ms)
		BackupInstance (0ms)
		ReleaseScriptingObjects (0ms)
		CreateAndSetChildDomain (28ms)
	RebuildCommonClasses (33ms)
	RebuildNativeTypeToScriptingClass (10ms)
	initialDomainReloadingComplete (22ms)
	LoadAllAssembliesAndSetupDomain (6ms)
		LoadAssemblies (83ms)
		RebuildTransferFunctionScriptingTraits (0ms)
		AnalyzeDomain (4ms)
			TypeCache.Refresh (3ms)
				TypeCache.ScanAssembly (0ms)
			ScanForSourceGeneratedMonoScriptInfo (0ms)
			ResolveRequiredComponents (0ms)
	FinalizeReload (310ms)
		ReleaseScriptCaches (0ms)
		RebuildScriptCaches (0ms)
		SetupLoadedEditorAssemblies (183ms)
			LogAssemblyErrors (0ms)
			InitializePlatformSupportModulesInManaged (6ms)
			SetLoadedEditorAssemblies (5ms)
			RefreshPlugins (0ms)
			BeforeProcessingInitializeOnLoad (23ms)
			ProcessInitializeOnLoadAttributes (125ms)
			ProcessInitializeOnLoadMethodAttributes (18ms)
			AfterProcessingInitializeOnLoad (6ms)
			EditorAssembliesLoaded (0ms)
		ExecutionOrderSort2 (0ms)
		AwakeInstancesAfterBackupRestoration (6ms)
Launched and connected shader compiler UnityShaderCompiler.exe after 0.07 seconds
Refreshing native plugins compatible for Editor in 0.00 ms, found 0 plugins.
Preloading 0 native plugins for Editor in 0.00 ms.
Unloading 6 Unused Serialized files (Serialized files now loaded: 0)
Unloading 3 unused Assets / (39.8 KB). Loaded Objects now: 477.
Memory consumption went from 45.7 MB to 45.7 MB.
Total: 6.960000 ms (FindLiveObjects: 0.059600 ms CreateObjectMapping: 0.005700 ms MarkObjects: 6.777500 ms  DeleteObjects: 0.115700 ms)

AssetImportParameters requested are different than current active one (requested -> active):
  custom:video-decoder-ogg-theora: a1e56fd34408186e4bbccfd4996cb3dc -> 
  custom:container-muxer-webm: aa71ff27fc2769a1b78a27578f13a17b -> 
  custom:container-demuxer-webm: 4f35f7cbe854078d1ac9338744f61a02 -> 
  custom:video-encoder-webm-vp8: eb34c28f22e8b96e1ab97ce403110664 -> 
  custom:audio-encoder-webm-vorbis: bf7c407c2cedff20999df2af8eb42d56 -> 
  custom:framework-win-MediaFoundation: 216162199b28c13a410421893ffa2e32 -> 
  custom:container-demuxer-ogg: 62fdf1f143b41e24485cea50d1cbac27 -> 
  custom:video-decoder-webm-vp8: 9c59270c3fd7afecdb556c50c9e8de78 -> 
  custom:audio-decoder-ogg-vorbis: bf7c407c2cedff20999df2af8eb42d56 -> 
  custom:AudioImporter_EditorPlatform: d09bf68614088b80899f8185d706f6e7 -> 
========================================================================
Received Import Request.
  Time since last request: 1118883.344053 seconds.
  path: Assets/Tileset/Walls/Assets_City_4.asset
  artifactKey: Guid(ecc51df37305c994ba2189dbcd310882) Importer(815301076,1909f56bfc062723c751e8b465ee728b)
Start importing Assets/Tileset/Walls/Assets_City_4.asset using Guid(ecc51df37305c994ba2189dbcd310882) Importer(815301076,1909f56bfc062723c751e8b465ee728b)  -> (artifact id: 'c1e5c340b7ea532821a93aac8c7090c6') in 0.088534 seconds
Number of updated asset objects reloaded before import = 0
Number of asset objects unloaded after import = 3
========================================================================
Received Import Request.
  Time since last request: 0.000026 seconds.
  path: Assets/Tileset/Walls/Assets_City_114.asset
  artifactKey: Guid(19a96da6f8c7c8c4d8ad9288b6206c42) Importer(815301076,1909f56bfc062723c751e8b465ee728b)
Start importing Assets/Tileset/Walls/Assets_City_114.asset using Guid(19a96da6f8c7c8c4d8ad9288b6206c42) Importer(815301076,1909f56bfc062723c751e8b465ee728b)  -> (artifact id: '2f877e2de964ff2b2cab6af983cf78b3') in 0.007373 seconds
Number of updated asset objects reloaded before import = 0
Number of asset objects unloaded after import = 3
========================================================================
Received Import Request.
  Time since last request: 0.000016 seconds.
  path: Assets/Tileset/Walls/Assets_City_45.asset
  artifactKey: Guid(9717444346ef43141a5fa772e5b60db5) Importer(815301076,1909f56bfc062723c751e8b465ee728b)
Start importing Assets/Tileset/Walls/Assets_City_45.asset using Guid(9717444346ef43141a5fa772e5b60db5) Importer(815301076,1909f56bfc062723c751e8b465ee728b)  -> (artifact id: 'df2807018b5082de680097f477d7aac2') in 0.008646 seconds
Number of updated asset objects reloaded before import = 0
Number of asset objects unloaded after import = 3
========================================================================
Received Import Request.
  Time since last request: 0.000014 seconds.
  path: Assets/Tileset/Walls/Assets_City_138.asset
  artifactKey: Guid(d7324350f58d9fd498f5c874dc8272cd) Importer(815301076,1909f56bfc062723c751e8b465ee728b)
Start importing Assets/Tileset/Walls/Assets_City_138.asset using Guid(d7324350f58d9fd498f5c874dc8272cd) Importer(815301076,1909f56bfc062723c751e8b465ee728b)  -> (artifact id: 'ad4e28bd0855bffaf5b8f59a74c1e5c7') in 0.005744 seconds
Number of updated asset objects reloaded before import = 0
Number of asset objects unloaded after import = 3
========================================================================
Received Import Request.
  Time since last request: 0.000014 seconds.
  path: Assets/Tileset/Walls/Assets_City_9.asset
  artifactKey: Guid(5191cb41b1e360f4eb7d2777da6aaa57) Importer(815301076,1909f56bfc062723c751e8b465ee728b)
Start importing Assets/Tileset/Walls/Assets_City_9.asset using Guid(5191cb41b1e360f4eb7d2777da6aaa57) Importer(815301076,1909f56bfc062723c751e8b465ee728b)  -> (artifact id: 'cdc7183c0c9055c7739fa7f4c007650b') in 0.005326 seconds
Number of updated asset objects reloaded before import = 0
Number of asset objects unloaded after import = 3
========================================================================
Received Import Request.
  Time since last request: 0.000017 seconds.
  path: Assets/Tileset/Walls/Assets_City_119.asset
  artifactKey: Guid(8165b912a7e70b74a9ac6b26c75de8ce) Importer(815301076,1909f56bfc062723c751e8b465ee728b)
Start importing Assets/Tileset/Walls/Assets_City_119.asset using Guid(8165b912a7e70b74a9ac6b26c75de8ce) Importer(815301076,1909f56bfc062723c751e8b465ee728b)  -> (artifact id: '8348929a80f78b77201cfc6b37722237') in 0.004906 seconds
Number of updated asset objects reloaded before import = 0
Number of asset objects unloaded after import = 3
========================================================================
Received Import Request.
  Time since last request: 0.000029 seconds.
  path: Assets/Tileset/Walls/Assets_City_64.asset
  artifactKey: Guid(5922a106f16528241b76a8f787490c9f) Importer(815301076,1909f56bfc062723c751e8b465ee728b)
Start importing Assets/Tileset/Walls/Assets_City_64.asset using Guid(5922a106f16528241b76a8f787490c9f) Importer(815301076,1909f56bfc062723c751e8b465ee728b)  -> (artifact id: '1fe125983a6dc8f56ad47b300da17efa') in 0.008249 seconds
Number of updated asset objects reloaded before import = 0
Number of asset objects unloaded after import = 3
========================================================================
Received Import Request.
  Time since last request: 0.000014 seconds.
  path: Assets/Tileset/Walls/Assets_City_31.asset
  artifactKey: Guid(2b7be1c4eb656a74e874221499f9fb9c) Importer(815301076,1909f56bfc062723c751e8b465ee728b)
Start importing Assets/Tileset/Walls/Assets_City_31.asset using Guid(2b7be1c4eb656a74e874221499f9fb9c) Importer(815301076,1909f56bfc062723c751e8b465ee728b)  -> (artifact id: 'd3fa8d8f66300d87b853bc7a03d73e7c') in 0.009131 seconds
Number of updated asset objects reloaded before import = 0
Number of asset objects unloaded after import = 3
========================================================================
Received Import Request.
  Time since last request: 0.000014 seconds.
  path: Assets/Tileset/Walls/Assets_City_100.asset
  artifactKey: Guid(b1b9940c896539d47a4219a3a8aa0902) Importer(815301076,1909f56bfc062723c751e8b465ee728b)
Start importing Assets/Tileset/Walls/Assets_City_100.asset using Guid(b1b9940c896539d47a4219a3a8aa0902) Importer(815301076,1909f56bfc062723c751e8b465ee728b)  -> (artifact id: 'd252adf055cdd5c425ab12ad5e2da073') in 0.005081 seconds
Number of updated asset objects reloaded before import = 0
Number of asset objects unloaded after import = 3
========================================================================
Received Import Request.
  Time since last request: 0.000015 seconds.
  path: Assets/Tileset/Walls/Assets_City_172.asset
  artifactKey: Guid(a325e5c6bcb72a94fbdbfb871965252d) Importer(815301076,1909f56bfc062723c751e8b465ee728b)
Start importing Assets/Tileset/Walls/Assets_City_172.asset using Guid(a325e5c6bcb72a94fbdbfb871965252d) Importer(815301076,1909f56bfc062723c751e8b465ee728b)  -> (artifact id: '79f07407aa247789fbb9311edc26607e') in 0.004936 seconds
Number of updated asset objects reloaded before import = 0
Number of asset objects unloaded after import = 3
========================================================================
Received Import Request.
  Time since last request: 0.000015 seconds.
  path: Assets/Tileset/Walls/Assets_City_175.asset
  artifactKey: Guid(bf42b3ec36dd5254e8a9a9d77d6c68d9) Importer(815301076,1909f56bfc062723c751e8b465ee728b)
Start importing Assets/Tileset/Walls/Assets_City_175.asset using Guid(bf42b3ec36dd5254e8a9a9d77d6c68d9) Importer(815301076,1909f56bfc062723c751e8b465ee728b)  -> (artifact id: 'ba4cb37b0b204714bed45d7145c1e1d6') in 0.005051 seconds
Number of updated asset objects reloaded before import = 0
Number of asset objects unloaded after import = 3
========================================================================
Received Import Request.
  Time since last request: 0.000014 seconds.
  path: Assets/Tileset/Walls/Assets_City_10.asset
  artifactKey: Guid(45db6d644fb9e0f44973c3cd4f686b10) Importer(815301076,1909f56bfc062723c751e8b465ee728b)
Start importing Assets/Tileset/Walls/Assets_City_10.asset using Guid(45db6d644fb9e0f44973c3cd4f686b10) Importer(815301076,1909f56bfc062723c751e8b465ee728b)  -> (artifact id: '64c1e4a5d4d792b169664806e37dcbfc') in 0.026789 seconds
Number of updated asset objects reloaded before import = 0
Number of asset objects unloaded after import = 3
========================================================================
Received Import Request.
  Time since last request: 0.000016 seconds.
  path: Assets/Tileset/Walls/Assets_City_130.asset
  artifactKey: Guid(3d4dc61f1a415c84f83f1c919ed48240) Importer(815301076,1909f56bfc062723c751e8b465ee728b)
Start importing Assets/Tileset/Walls/Assets_City_130.asset using Guid(3d4dc61f1a415c84f83f1c919ed48240) Importer(815301076,1909f56bfc062723c751e8b465ee728b)  -> (artifact id: '3e882d8f6d2cda82a46e2d75ae02f857') in 0.007592 seconds
Number of updated asset objects reloaded before import = 0
Number of asset objects unloaded after import = 3
========================================================================
Received Import Request.
  Time since last request: 0.000013 seconds.
  path: Assets/Tileset/Walls/Assets_City_113.asset
  artifactKey: Guid(51da282cb8ab8d845bba0dd50257081e) Importer(815301076,1909f56bfc062723c751e8b465ee728b)
Start importing Assets/Tileset/Walls/Assets_City_113.asset using Guid(51da282cb8ab8d845bba0dd50257081e) Importer(815301076,1909f56bfc062723c751e8b465ee728b)  -> (artifact id: '22c43caa0d350266247b33e189f001f9') in 0.025126 seconds
Number of updated asset objects reloaded before import = 0
Number of asset objects unloaded after import = 3
========================================================================
Received Import Request.
  Time since last request: 0.000017 seconds.
  path: Assets/Tileset/Walls/Assets_City_72.asset
  artifactKey: Guid(c440281ef56f18c4db4aeb5c3713c6f9) Importer(815301076,1909f56bfc062723c751e8b465ee728b)
Start importing Assets/Tileset/Walls/Assets_City_72.asset using Guid(c440281ef56f18c4db4aeb5c3713c6f9) Importer(815301076,1909f56bfc062723c751e8b465ee728b)  -> (artifact id: '9b0befa0f1293c2f0a2e0bc9e9fadd68') in 0.003976 seconds
Number of updated asset objects reloaded before import = 0
Number of asset objects unloaded after import = 3
========================================================================
Received Import Request.
  Time since last request: 0.000016 seconds.
  path: Assets/Tileset/Walls/Assets_City_164.asset
  artifactKey: Guid(4d82b7532383cc14e8cec8adf4366ec2) Importer(815301076,1909f56bfc062723c751e8b465ee728b)
Start importing Assets/Tileset/Walls/Assets_City_164.asset using Guid(4d82b7532383cc14e8cec8adf4366ec2) Importer(815301076,1909f56bfc062723c751e8b465ee728b)  -> (artifact id: 'a3c4eb2152417815c0b5cd5d508934ed') in 0.004708 seconds
Number of updated asset objects reloaded before import = 0
Number of asset objects unloaded after import = 3
========================================================================
Received Import Request.
  Time since last request: 0.000015 seconds.
  path: Assets/Tileset/Walls/Assets_City_104.asset
  artifactKey: Guid(fecff2188dbda0d43aa3ea010fdb1fe3) Importer(815301076,1909f56bfc062723c751e8b465ee728b)
Start importing Assets/Tileset/Walls/Assets_City_104.asset using Guid(fecff2188dbda0d43aa3ea010fdb1fe3) Importer(815301076,1909f56bfc062723c751e8b465ee728b)  -> (artifact id: '0b94c91468ffaa09babb14d77e52fff7') in 0.003868 seconds
Number of updated asset objects reloaded before import = 0
Number of asset objects unloaded after import = 3
========================================================================
Received Import Request.
  Time since last request: 0.000013 seconds.
  path: Assets/Tileset/Walls/Assets_City_13.asset
  artifactKey: Guid(b4116b798d1bd61439193a28a0cd1a66) Importer(815301076,1909f56bfc062723c751e8b465ee728b)
Start importing Assets/Tileset/Walls/Assets_City_13.asset using Guid(b4116b798d1bd61439193a28a0cd1a66) Importer(815301076,1909f56bfc062723c751e8b465ee728b)  -> (artifact id: '4bf4cd6b68f41d723b19e96c163dc485') in 0.009207 seconds
Number of updated asset objects reloaded before import = 0
Number of asset objects unloaded after import = 3
========================================================================
Received Import Request.
  Time since last request: 0.000021 seconds.
  path: Assets/Tileset/Walls/Assets_City_122.asset
  artifactKey: Guid(433f59e3e722f2d438bddef2344e7d9f) Importer(815301076,1909f56bfc062723c751e8b465ee728b)
Start importing Assets/Tileset/Walls/Assets_City_122.asset using Guid(433f59e3e722f2d438bddef2344e7d9f) Importer(815301076,1909f56bfc062723c751e8b465ee728b)  -> (artifact id: '7b6f69baa843d633920ece23c2a52a9e') in 0.004787 seconds
Number of updated asset objects reloaded before import = 0
Number of asset objects unloaded after import = 3
========================================================================
Received Import Request.
  Time since last request: 0.000014 seconds.
  path: Assets/Tileset/Walls/Assets_City_149.asset
  artifactKey: Guid(ebbad80137f5c6a478c733c91879ecea) Importer(815301076,1909f56bfc062723c751e8b465ee728b)
Start importing Assets/Tileset/Walls/Assets_City_149.asset using Guid(ebbad80137f5c6a478c733c91879ecea) Importer(815301076,1909f56bfc062723c751e8b465ee728b)  -> (artifact id: '459058941a2c12253ff37543ad582a94') in 0.004677 seconds
Number of updated asset objects reloaded before import = 0
Number of asset objects unloaded after import = 3
========================================================================
Received Import Request.
  Time since last request: 0.000016 seconds.
  path: Assets/Tileset/Walls/Assets_City_153.asset
  artifactKey: Guid(45e5ec0d2f7680540bfbb2a78b35b302) Importer(815301076,1909f56bfc062723c751e8b465ee728b)
Start importing Assets/Tileset/Walls/Assets_City_153.asset using Guid(45e5ec0d2f7680540bfbb2a78b35b302) Importer(815301076,1909f56bfc062723c751e8b465ee728b)  -> (artifact id: 'a229daf4d3f59c8c9743201a27bdd47d') in 0.009159 seconds
Number of updated asset objects reloaded before import = 0
Number of asset objects unloaded after import = 3
========================================================================
Received Import Request.
  Time since last request: 0.000022 seconds.
  path: Assets/Tileset/Walls/Assets_City_178.asset
  artifactKey: Guid(85459cc38b23f2b48a771cb64b991c14) Importer(815301076,1909f56bfc062723c751e8b465ee728b)
Start importing Assets/Tileset/Walls/Assets_City_178.asset using Guid(85459cc38b23f2b48a771cb64b991c14) Importer(815301076,1909f56bfc062723c751e8b465ee728b)  -> (artifact id: 'c204828caec2fa4c040804ccad92bf57') in 0.004453 seconds
Number of updated asset objects reloaded before import = 0
Number of asset objects unloaded after import = 3
========================================================================
Received Import Request.
  Time since last request: 0.000016 seconds.
  path: Assets/Tileset/Walls/Assets_City_71.asset
  artifactKey: Guid(261c50e85d720e3408aff821c6200304) Importer(815301076,1909f56bfc062723c751e8b465ee728b)
Start importing Assets/Tileset/Walls/Assets_City_71.asset using Guid(261c50e85d720e3408aff821c6200304) Importer(815301076,1909f56bfc062723c751e8b465ee728b)  -> (artifact id: '8e7a3b0d6cfd617ee1ff7f7bb43f4f1e') in 0.003783 seconds
Number of updated asset objects reloaded before import = 0
Number of asset objects unloaded after import = 3
========================================================================
Received Import Request.
  Time since last request: 0.000014 seconds.
  path: Assets/Tileset/Walls/Assets_City_160.asset
  artifactKey: Guid(8594b55f7aa27714cb231c0b452798bf) Importer(815301076,1909f56bfc062723c751e8b465ee728b)
Start importing Assets/Tileset/Walls/Assets_City_160.asset using Guid(8594b55f7aa27714cb231c0b452798bf) Importer(815301076,1909f56bfc062723c751e8b465ee728b)  -> (artifact id: '5f40a78552f011bc92a2e97c8f045941') in 0.003714 seconds
Number of updated asset objects reloaded before import = 0
Number of asset objects unloaded after import = 3
