Using pre-set license
Built from '2022.3/staging' branch; Version is '2022.3.10f1 (ff3792e53c62) revision 16725906'; Using compiler version '192829333'; Build Type 'Release'
OS: 'Windows 10  (10.0.19045) 64bit Enterprise' Language: 'en' Physical Memory: 65244 MB
BatchMode: 1, IsHumanControllingUs: 0, StartBugReporterOnCrash: 0, Is64bit: 1, IsPro: 1

COMMAND LINE ARGUMENTS:
C:\Program Files\Unity\Hub\Editor\2022.3.10f1\Editor\Unity.exe
-adb2
-batchMode
-noUpm
-name
AssetImportWorker2
-projectPath
C:/Users/Administrator/Documents/GitHub/TimeSwapper/Assets
-logFile
Logs/AssetImportWorker2.log
-srvPort
57995
Successfully changed project path to: C:/Users/Administrator/Documents/GitHub/TimeSwapper/Assets
C:/Users/Administrator/Documents/GitHub/TimeSwapper/Assets
[UnityMemory] Configuration Parameters - Can be set up in boot.config
    "memorysetup-bucket-allocator-granularity=16"
    "memorysetup-bucket-allocator-bucket-count=8"
    "memorysetup-bucket-allocator-block-size=33554432"
    "memorysetup-bucket-allocator-block-count=8"
    "memorysetup-main-allocator-block-size=16777216"
    "memorysetup-thread-allocator-block-size=16777216"
    "memorysetup-gfx-main-allocator-block-size=16777216"
    "memorysetup-gfx-thread-allocator-block-size=16777216"
    "memorysetup-cache-allocator-block-size=4194304"
    "memorysetup-typetree-allocator-block-size=2097152"
    "memorysetup-profiler-bucket-allocator-granularity=16"
    "memorysetup-profiler-bucket-allocator-bucket-count=8"
    "memorysetup-profiler-bucket-allocator-block-size=33554432"
    "memorysetup-profiler-bucket-allocator-block-count=8"
    "memorysetup-profiler-allocator-block-size=16777216"
    "memorysetup-profiler-editor-allocator-block-size=1048576"
    "memorysetup-temp-allocator-size-main=16777216"
    "memorysetup-job-temp-allocator-block-size=2097152"
    "memorysetup-job-temp-allocator-block-size-background=1048576"
    "memorysetup-job-temp-allocator-reduction-small-platforms=262144"
    "memorysetup-allocator-temp-initial-block-size-main=262144"
    "memorysetup-allocator-temp-initial-block-size-worker=262144"
    "memorysetup-temp-allocator-size-background-worker=32768"
    "memorysetup-temp-allocator-size-job-worker=262144"
    "memorysetup-temp-allocator-size-preload-manager=33554432"
    "memorysetup-temp-allocator-size-nav-mesh-worker=65536"
    "memorysetup-temp-allocator-size-audio-worker=65536"
    "memorysetup-temp-allocator-size-cloud-worker=32768"
    "memorysetup-temp-allocator-size-gi-baking-worker=262144"
    "memorysetup-temp-allocator-size-gfx=262144"
Player connection [17352] Host "[IP] 10.128.4.185 [Port] 0 [Flags] 2 [Guid] 3489228692 [EditorId] 3489228692 [Version] 1048832 [Id] WindowsEditor(7,GD7LLW553) [Debug] 1 [PackageName] WindowsEditor [ProjectName] Editor" joined multi-casting on [225.0.0.222:54997]...

Player connection [17352] Host "[IP] 10.128.4.185 [Port] 0 [Flags] 2 [Guid] 3489228692 [EditorId] 3489228692 [Version] 1048832 [Id] WindowsEditor(7,GD7LLW553) [Debug] 1 [PackageName] WindowsEditor [ProjectName] Editor" joined alternative multi-casting on [225.0.0.222:34997]...

[Physics::Module] Initialized MultithreadedJobDispatcher with 23 workers.
Refreshing native plugins compatible for Editor in 0.00 ms, found 0 plugins.
Preloading 0 native plugins for Editor in 0.00 ms.
Initialize engine version: 2022.3.10f1 (ff3792e53c62)
[Subsystems] Discovering subsystems at path C:/Program Files/Unity/Hub/Editor/2022.3.10f1/Editor/Data/Resources/UnitySubsystems
[Subsystems] Discovering subsystems at path C:/Users/Administrator/Documents/GitHub/TimeSwapper/Assets/Assets
GfxDevice: creating device client; threaded=0; jobified=0
Direct3D:
    Version:  Direct3D 11.0 [level 11.1]
    Renderer: NVIDIA GeForce RTX 2080 SUPER (ID=0x1e81)
    Vendor:   NVIDIA
    VRAM:     8001 MB
    Driver:   31.0.15.3619
Initialize mono
Mono path[0] = 'C:/Program Files/Unity/Hub/Editor/2022.3.10f1/Editor/Data/Managed'
Mono path[1] = 'C:/Program Files/Unity/Hub/Editor/2022.3.10f1/Editor/Data/MonoBleedingEdge/lib/mono/unityjit-win32'
Mono config path = 'C:/Program Files/Unity/Hub/Editor/2022.3.10f1/Editor/Data/MonoBleedingEdge/etc'
Using monoOptions --debugger-agent=transport=dt_socket,embedding=1,server=y,suspend=n,address=127.0.0.1:56476
Begin MonoManager ReloadAssembly
Registering precompiled unity dll's ...
Register platform support module: C:/Program Files/Unity/Hub/Editor/2022.3.10f1/Editor/Data/PlaybackEngines/WindowsStandaloneSupport/UnityEditor.WindowsStandalone.Extensions.dll
Registered in 0.007426 seconds.
- Loaded All Assemblies, in  0.374 seconds
Native extension for WindowsStandalone target not found
Mono: successfully reloaded assembly
- Finished resetting the current domain, in  0.255 seconds
Domain Reload Profiling: 626ms
	BeginReloadAssembly (112ms)
		ExecutionOrderSort (0ms)
		DisableScriptedObjects (0ms)
		BackupInstance (0ms)
		ReleaseScriptingObjects (0ms)
		CreateAndSetChildDomain (1ms)
	RebuildCommonClasses (36ms)
	RebuildNativeTypeToScriptingClass (15ms)
	initialDomainReloadingComplete (58ms)
	LoadAllAssembliesAndSetupDomain (150ms)
		LoadAssemblies (109ms)
		RebuildTransferFunctionScriptingTraits (0ms)
		AnalyzeDomain (148ms)
			TypeCache.Refresh (146ms)
				TypeCache.ScanAssembly (131ms)
			ScanForSourceGeneratedMonoScriptInfo (0ms)
			ResolveRequiredComponents (0ms)
	FinalizeReload (255ms)
		ReleaseScriptCaches (0ms)
		RebuildScriptCaches (0ms)
		SetupLoadedEditorAssemblies (190ms)
			LogAssemblyErrors (0ms)
			InitializePlatformSupportModulesInManaged (10ms)
			SetLoadedEditorAssemblies (7ms)
			RefreshPlugins (0ms)
			BeforeProcessingInitializeOnLoad (2ms)
			ProcessInitializeOnLoadAttributes (128ms)
			ProcessInitializeOnLoadMethodAttributes (44ms)
			AfterProcessingInitializeOnLoad (0ms)
			EditorAssembliesLoaded (0ms)
		ExecutionOrderSort2 (0ms)
		AwakeInstancesAfterBackupRestoration (0ms)
========================================================================
Worker process is ready to serve import requests
Begin MonoManager ReloadAssembly
- Loaded All Assemblies, in  0.228 seconds
Refreshing native plugins compatible for Editor in 0.00 ms, found 0 plugins.
Native extension for WindowsStandalone target not found
Mono: successfully reloaded assembly
- Finished resetting the current domain, in  0.318 seconds
Domain Reload Profiling: 544ms
	BeginReloadAssembly (156ms)
		ExecutionOrderSort (0ms)
		DisableScriptedObjects (5ms)
		BackupInstance (0ms)
		ReleaseScriptingObjects (0ms)
		CreateAndSetChildDomain (32ms)
	RebuildCommonClasses (32ms)
	RebuildNativeTypeToScriptingClass (10ms)
	initialDomainReloadingComplete (21ms)
	LoadAllAssembliesAndSetupDomain (6ms)
		LoadAssemblies (79ms)
		RebuildTransferFunctionScriptingTraits (0ms)
		AnalyzeDomain (5ms)
			TypeCache.Refresh (3ms)
				TypeCache.ScanAssembly (0ms)
			ScanForSourceGeneratedMonoScriptInfo (0ms)
			ResolveRequiredComponents (0ms)
	FinalizeReload (318ms)
		ReleaseScriptCaches (0ms)
		RebuildScriptCaches (0ms)
		SetupLoadedEditorAssemblies (191ms)
			LogAssemblyErrors (0ms)
			InitializePlatformSupportModulesInManaged (6ms)
			SetLoadedEditorAssemblies (5ms)
			RefreshPlugins (0ms)
			BeforeProcessingInitializeOnLoad (30ms)
			ProcessInitializeOnLoadAttributes (127ms)
			ProcessInitializeOnLoadMethodAttributes (18ms)
			AfterProcessingInitializeOnLoad (6ms)
			EditorAssembliesLoaded (0ms)
		ExecutionOrderSort2 (0ms)
		AwakeInstancesAfterBackupRestoration (5ms)
Launched and connected shader compiler UnityShaderCompiler.exe after 0.07 seconds
Refreshing native plugins compatible for Editor in 0.00 ms, found 0 plugins.
Preloading 0 native plugins for Editor in 0.00 ms.
Unloading 6 Unused Serialized files (Serialized files now loaded: 0)
Unloading 3 unused Assets / (39.8 KB). Loaded Objects now: 477.
Memory consumption went from 45.7 MB to 45.7 MB.
Total: 3.062300 ms (FindLiveObjects: 0.060800 ms CreateObjectMapping: 0.004100 ms MarkObjects: 2.926200 ms  DeleteObjects: 0.070000 ms)

AssetImportParameters requested are different than current active one (requested -> active):
  custom:video-decoder-ogg-theora: a1e56fd34408186e4bbccfd4996cb3dc -> 
  custom:container-muxer-webm: aa71ff27fc2769a1b78a27578f13a17b -> 
  custom:container-demuxer-webm: 4f35f7cbe854078d1ac9338744f61a02 -> 
  custom:video-encoder-webm-vp8: eb34c28f22e8b96e1ab97ce403110664 -> 
  custom:audio-encoder-webm-vorbis: bf7c407c2cedff20999df2af8eb42d56 -> 
  custom:framework-win-MediaFoundation: 216162199b28c13a410421893ffa2e32 -> 
  custom:container-demuxer-ogg: 62fdf1f143b41e24485cea50d1cbac27 -> 
  custom:video-decoder-webm-vp8: 9c59270c3fd7afecdb556c50c9e8de78 -> 
  custom:audio-decoder-ogg-vorbis: bf7c407c2cedff20999df2af8eb42d56 -> 
  custom:AudioImporter_EditorPlatform: d09bf68614088b80899f8185d706f6e7 -> 
========================================================================
Received Import Request.
  Time since last request: 1118883.342882 seconds.
  path: Assets/Tileset/Walls/Assets_City_1.asset
  artifactKey: Guid(0ae33055a2e06bf48af73087c40009f4) Importer(815301076,1909f56bfc062723c751e8b465ee728b)
Start importing Assets/Tileset/Walls/Assets_City_1.asset using Guid(0ae33055a2e06bf48af73087c40009f4) Importer(815301076,1909f56bfc062723c751e8b465ee728b)  -> (artifact id: 'ae65107f7cedc7d829204887723aafdb') in 0.089948 seconds
Number of updated asset objects reloaded before import = 0
Number of asset objects unloaded after import = 3
========================================================================
Received Import Request.
  Time since last request: 0.000021 seconds.
  path: Assets/Tileset/Walls/Assets_City_92.asset
  artifactKey: Guid(926f60d794952594d9e0ef707df94d81) Importer(815301076,1909f56bfc062723c751e8b465ee728b)
Start importing Assets/Tileset/Walls/Assets_City_92.asset using Guid(926f60d794952594d9e0ef707df94d81) Importer(815301076,1909f56bfc062723c751e8b465ee728b)  -> (artifact id: '0791904aff8968b7515d2d88b75c3223') in 0.006148 seconds
Number of updated asset objects reloaded before import = 0
Number of asset objects unloaded after import = 3
========================================================================
Received Import Request.
  Time since last request: 0.000015 seconds.
  path: Assets/Tileset/Walls/Assets_City_75.asset
  artifactKey: Guid(e2f5c90bd10911442a9b5b1ce3c3defc) Importer(815301076,1909f56bfc062723c751e8b465ee728b)
Start importing Assets/Tileset/Walls/Assets_City_75.asset using Guid(e2f5c90bd10911442a9b5b1ce3c3defc) Importer(815301076,1909f56bfc062723c751e8b465ee728b)  -> (artifact id: 'b34379dae81cef3dbd1ed1c575faccba') in 0.005290 seconds
Number of updated asset objects reloaded before import = 0
Number of asset objects unloaded after import = 3
========================================================================
Received Import Request.
  Time since last request: 0.000016 seconds.
  path: Assets/Tileset/Walls/Assets_City_16.asset
  artifactKey: Guid(4550f5fdc2e399045878b0838bbb71f4) Importer(815301076,1909f56bfc062723c751e8b465ee728b)
Start importing Assets/Tileset/Walls/Assets_City_16.asset using Guid(4550f5fdc2e399045878b0838bbb71f4) Importer(815301076,1909f56bfc062723c751e8b465ee728b)  -> (artifact id: '4f30efe93bda062e6ca2c6e01ef78f3d') in 0.006757 seconds
Number of updated asset objects reloaded before import = 0
Number of asset objects unloaded after import = 3
========================================================================
Received Import Request.
  Time since last request: 0.000014 seconds.
  path: Assets/Tileset/Walls/Assets_City_141.asset
  artifactKey: Guid(bb79c3b179844274f803fcf014b935eb) Importer(815301076,1909f56bfc062723c751e8b465ee728b)
Start importing Assets/Tileset/Walls/Assets_City_141.asset using Guid(bb79c3b179844274f803fcf014b935eb) Importer(815301076,1909f56bfc062723c751e8b465ee728b)  -> (artifact id: '1b62636d638134e55230bdd3bf181704') in 0.014259 seconds
Number of updated asset objects reloaded before import = 0
Number of asset objects unloaded after import = 3
========================================================================
Received Import Request.
  Time since last request: 0.000015 seconds.
  path: Assets/Tileset/Walls/Assets_City_79.asset
  artifactKey: Guid(f05de0383ee7d094ba9b21a9876efda0) Importer(815301076,1909f56bfc062723c751e8b465ee728b)
Start importing Assets/Tileset/Walls/Assets_City_79.asset using Guid(f05de0383ee7d094ba9b21a9876efda0) Importer(815301076,1909f56bfc062723c751e8b465ee728b)  -> (artifact id: '5fab7291092374ed7c7f9a0f87d85a2f') in 0.005301 seconds
Number of updated asset objects reloaded before import = 0
Number of asset objects unloaded after import = 3
========================================================================
Received Import Request.
  Time since last request: 0.000014 seconds.
  path: Assets/Tileset/Walls/Assets_City_156.asset
  artifactKey: Guid(e71bcc21cb62cb7418051b222977f0e7) Importer(815301076,1909f56bfc062723c751e8b465ee728b)
Start importing Assets/Tileset/Walls/Assets_City_156.asset using Guid(e71bcc21cb62cb7418051b222977f0e7) Importer(815301076,1909f56bfc062723c751e8b465ee728b)  -> (artifact id: 'e0544ad1ed6e9983ff6d981016c9c26f') in 0.004912 seconds
Number of updated asset objects reloaded before import = 0
Number of asset objects unloaded after import = 3
========================================================================
Received Import Request.
  Time since last request: 0.000016 seconds.
  path: Assets/Tileset/Walls/Assets_City_95.asset
  artifactKey: Guid(b630d9e1ebb630a4b9effed9cb5ce042) Importer(815301076,1909f56bfc062723c751e8b465ee728b)
Start importing Assets/Tileset/Walls/Assets_City_95.asset using Guid(b630d9e1ebb630a4b9effed9cb5ce042) Importer(815301076,1909f56bfc062723c751e8b465ee728b)  -> (artifact id: 'cea0f1b97003082e8d37408e9fb67c37') in 0.005062 seconds
Number of updated asset objects reloaded before import = 0
Number of asset objects unloaded after import = 3
========================================================================
Received Import Request.
  Time since last request: 0.000022 seconds.
  path: Assets/Tileset/Walls/Assets_City_125.asset
  artifactKey: Guid(7a598ccedf9915145b6707c3c0d2c511) Importer(815301076,1909f56bfc062723c751e8b465ee728b)
Start importing Assets/Tileset/Walls/Assets_City_125.asset using Guid(7a598ccedf9915145b6707c3c0d2c511) Importer(815301076,1909f56bfc062723c751e8b465ee728b)  -> (artifact id: 'a1c86f9b59f77e59ef5ccef6aa53e0ad') in 0.009830 seconds
Number of updated asset objects reloaded before import = 0
Number of asset objects unloaded after import = 3
========================================================================
Received Import Request.
  Time since last request: 0.000014 seconds.
  path: Assets/Tileset/Walls/Assets_City_179.asset
  artifactKey: Guid(2809b19314d40874b9d11628be5bcfc3) Importer(815301076,1909f56bfc062723c751e8b465ee728b)
Start importing Assets/Tileset/Walls/Assets_City_179.asset using Guid(2809b19314d40874b9d11628be5bcfc3) Importer(815301076,1909f56bfc062723c751e8b465ee728b)  -> (artifact id: '52d3fdbb88eb47cc4750d284e89767c8') in 0.009443 seconds
Number of updated asset objects reloaded before import = 0
Number of asset objects unloaded after import = 3
========================================================================
Received Import Request.
  Time since last request: 0.000016 seconds.
  path: Assets/Tileset/Walls/Assets_City_183.asset
  artifactKey: Guid(a3c3a950a2e9e8749a7c93c4bf6e89a4) Importer(815301076,1909f56bfc062723c751e8b465ee728b)
Start importing Assets/Tileset/Walls/Assets_City_183.asset using Guid(a3c3a950a2e9e8749a7c93c4bf6e89a4) Importer(815301076,1909f56bfc062723c751e8b465ee728b)  -> (artifact id: '056231e5412d53d152bc2f0ade1165e5') in 0.005503 seconds
Number of updated asset objects reloaded before import = 0
Number of asset objects unloaded after import = 3
========================================================================
Received Import Request.
  Time since last request: 0.000013 seconds.
  path: Assets/Tileset/Walls/Assets_City_40.asset
  artifactKey: Guid(3deb8cd6565bebc4aa2dbe2f42ffda5e) Importer(815301076,1909f56bfc062723c751e8b465ee728b)
Start importing Assets/Tileset/Walls/Assets_City_40.asset using Guid(3deb8cd6565bebc4aa2dbe2f42ffda5e) Importer(815301076,1909f56bfc062723c751e8b465ee728b)  -> (artifact id: '7276c28458f126237f706ab3486f560e') in 0.011380 seconds
Number of updated asset objects reloaded before import = 0
Number of asset objects unloaded after import = 3
========================================================================
Received Import Request.
  Time since last request: 0.000013 seconds.
  path: Assets/Tileset/Walls/Assets_City_80.asset
  artifactKey: Guid(a5d929dda29265441b5b7bdf1795af75) Importer(815301076,1909f56bfc062723c751e8b465ee728b)
Start importing Assets/Tileset/Walls/Assets_City_80.asset using Guid(a5d929dda29265441b5b7bdf1795af75) Importer(815301076,1909f56bfc062723c751e8b465ee728b)  -> (artifact id: 'ccdfe8164d6b333abf640dc77d0b069d') in 0.004766 seconds
Number of updated asset objects reloaded before import = 0
Number of asset objects unloaded after import = 3
========================================================================
Received Import Request.
  Time since last request: 0.000017 seconds.
  path: Assets/Tileset/Walls/Assets_City_154.asset
  artifactKey: Guid(449dd862f037d3f4583b4146c09c2920) Importer(815301076,1909f56bfc062723c751e8b465ee728b)
Start importing Assets/Tileset/Walls/Assets_City_154.asset using Guid(449dd862f037d3f4583b4146c09c2920) Importer(815301076,1909f56bfc062723c751e8b465ee728b)  -> (artifact id: '9e75abd32d4e39e77b55f1171ed85f36') in 0.036209 seconds
Number of updated asset objects reloaded before import = 0
Number of asset objects unloaded after import = 3
========================================================================
Received Import Request.
  Time since last request: 0.000014 seconds.
  path: Assets/Tileset/Walls/Assets_City_129.asset
  artifactKey: Guid(fc0c966f00cac2a4eadedcb01caa8fc5) Importer(815301076,1909f56bfc062723c751e8b465ee728b)
Start importing Assets/Tileset/Walls/Assets_City_129.asset using Guid(fc0c966f00cac2a4eadedcb01caa8fc5) Importer(815301076,1909f56bfc062723c751e8b465ee728b)  -> (artifact id: 'edebfaa37324a70a72b7edc0be0c2903') in 0.004169 seconds
Number of updated asset objects reloaded before import = 0
Number of asset objects unloaded after import = 3
========================================================================
Received Import Request.
  Time since last request: 0.000013 seconds.
  path: Assets/Tileset/Walls/Assets_City_83.asset
  artifactKey: Guid(c6b0181172ba1eb458d5a2481372ca7c) Importer(815301076,1909f56bfc062723c751e8b465ee728b)
Start importing Assets/Tileset/Walls/Assets_City_83.asset using Guid(c6b0181172ba1eb458d5a2481372ca7c) Importer(815301076,1909f56bfc062723c751e8b465ee728b)  -> (artifact id: 'e9f0fb589571b9720acccd7e7ce0719a') in 0.004124 seconds
Number of updated asset objects reloaded before import = 0
Number of asset objects unloaded after import = 3
========================================================================
Received Import Request.
  Time since last request: 0.000013 seconds.
  path: Assets/Tileset/Walls/Assets_City_46.asset
  artifactKey: Guid(1533b5a12e3e3734a816c31022d6f896) Importer(815301076,1909f56bfc062723c751e8b465ee728b)
Start importing Assets/Tileset/Walls/Assets_City_46.asset using Guid(1533b5a12e3e3734a816c31022d6f896) Importer(815301076,1909f56bfc062723c751e8b465ee728b)  -> (artifact id: '12df6e7ad254eabc5f4ff08906b79e0e') in 0.003876 seconds
Number of updated asset objects reloaded before import = 0
Number of asset objects unloaded after import = 3
========================================================================
Received Import Request.
  Time since last request: 0.000013 seconds.
  path: Assets/Tileset/Walls/Assets_City_41.asset
  artifactKey: Guid(80d66e0a5e92a7146a0f6946ec8846c1) Importer(815301076,1909f56bfc062723c751e8b465ee728b)
Start importing Assets/Tileset/Walls/Assets_City_41.asset using Guid(80d66e0a5e92a7146a0f6946ec8846c1) Importer(815301076,1909f56bfc062723c751e8b465ee728b)  -> (artifact id: '786bf41a8fac0252dd6008b7db0332e1') in 0.008844 seconds
Number of updated asset objects reloaded before import = 0
Number of asset objects unloaded after import = 3
========================================================================
Received Import Request.
  Time since last request: 0.000015 seconds.
  path: Assets/Tileset/Walls/Assets_City_11.asset
  artifactKey: Guid(05435f7aaab991448a45f5ccef523f8c) Importer(815301076,1909f56bfc062723c751e8b465ee728b)
Start importing Assets/Tileset/Walls/Assets_City_11.asset using Guid(05435f7aaab991448a45f5ccef523f8c) Importer(815301076,1909f56bfc062723c751e8b465ee728b)  -> (artifact id: '493b5aa7e0e8ab75600437943fa9b253') in 0.004259 seconds
Number of updated asset objects reloaded before import = 0
Number of asset objects unloaded after import = 3
========================================================================
Received Import Request.
  Time since last request: 0.000014 seconds.
  path: Assets/Tileset/Walls/Assets_City_55.asset
  artifactKey: Guid(81511770ffbef8547a85de9aa61178e2) Importer(815301076,1909f56bfc062723c751e8b465ee728b)
Start importing Assets/Tileset/Walls/Assets_City_55.asset using Guid(81511770ffbef8547a85de9aa61178e2) Importer(815301076,1909f56bfc062723c751e8b465ee728b)  -> (artifact id: 'a0191d23daae54733a49026edcad316b') in 0.003986 seconds
Number of updated asset objects reloaded before import = 0
Number of asset objects unloaded after import = 3
========================================================================
Received Import Request.
  Time since last request: 0.000019 seconds.
  path: Assets/Tileset/Walls/Assets_City_25.asset
  artifactKey: Guid(bb72bfa749c144e4fb0e3ed058b44106) Importer(815301076,1909f56bfc062723c751e8b465ee728b)
Start importing Assets/Tileset/Walls/Assets_City_25.asset using Guid(bb72bfa749c144e4fb0e3ed058b44106) Importer(815301076,1909f56bfc062723c751e8b465ee728b)  -> (artifact id: '61481937e36540538e137039b0ff73cb') in 0.004891 seconds
Number of updated asset objects reloaded before import = 0
Number of asset objects unloaded after import = 3
========================================================================
Received Import Request.
  Time since last request: 0.000014 seconds.
  path: Assets/Tileset/Walls/Assets_City_30.asset
  artifactKey: Guid(7352dfb3c4dd95b488ace61b5a0475d3) Importer(815301076,1909f56bfc062723c751e8b465ee728b)
Start importing Assets/Tileset/Walls/Assets_City_30.asset using Guid(7352dfb3c4dd95b488ace61b5a0475d3) Importer(815301076,1909f56bfc062723c751e8b465ee728b)  -> (artifact id: '6a6f5759bea949cdf93835a2428bc232') in 0.003753 seconds
Number of updated asset objects reloaded before import = 0
Number of asset objects unloaded after import = 3
========================================================================
Received Import Request.
  Time since last request: 0.000014 seconds.
  path: Assets/Tileset/Walls/Assets_City_82.asset
  artifactKey: Guid(91142d4921f451747a90ba7e9d94df8e) Importer(815301076,1909f56bfc062723c751e8b465ee728b)
Start importing Assets/Tileset/Walls/Assets_City_82.asset using Guid(91142d4921f451747a90ba7e9d94df8e) Importer(815301076,1909f56bfc062723c751e8b465ee728b)  -> (artifact id: '43ad89ffe56b7fe3d5fccd9a73361cc7') in 0.004369 seconds
Number of updated asset objects reloaded before import = 0
Number of asset objects unloaded after import = 3
========================================================================
Received Import Request.
  Time since last request: 0.000013 seconds.
  path: Assets/Tileset/Walls/Assets_City_131.asset
  artifactKey: Guid(fedaccdba07ce6141848121d4a23da0c) Importer(815301076,1909f56bfc062723c751e8b465ee728b)
Start importing Assets/Tileset/Walls/Assets_City_131.asset using Guid(fedaccdba07ce6141848121d4a23da0c) Importer(815301076,1909f56bfc062723c751e8b465ee728b)  -> (artifact id: 'be5d1b653d05a48c70aa2417ccb119cd') in 0.004486 seconds
Number of updated asset objects reloaded before import = 0
Number of asset objects unloaded after import = 3
========================================================================
Received Import Request.
  Time since last request: 0.000013 seconds.
  path: Assets/Tileset/Walls/Assets_City_162.asset
  artifactKey: Guid(d0ff83ce5d4a0714498c195391d42610) Importer(815301076,1909f56bfc062723c751e8b465ee728b)
Start importing Assets/Tileset/Walls/Assets_City_162.asset using Guid(d0ff83ce5d4a0714498c195391d42610) Importer(815301076,1909f56bfc062723c751e8b465ee728b)  -> (artifact id: 'f85096fb7040508b6afe8aa20b318255') in 0.003751 seconds
Number of updated asset objects reloaded before import = 0
Number of asset objects unloaded after import = 3
